<?xml version="1.0" encoding="UTF-8"?>
<definitions name="hls-extm3u">
    error xml file